<?xml version="1.0" encoding="UTF-8"?>
<!-- Generated by org.testng.reporters.JUnitReportReporter -->
<testsuite skipped="0" hostname="MUSTAFAs-MBP.fios-router.home" name="test.test2" tests="1" failures="0" timestamp="2020-01-24T00:11:59 EST" time="0.007" errors="0">
  <testcase name="ged" time="0.007" classname="test.test2"/>
</testsuite> <!-- test.test2 -->
