<?xml version="1.0" encoding="UTF-8"?>
<!-- Generated by org.testng.reporters.JUnitReportReporter -->
<testsuite skipped="1" hostname="MUSTAFAs-MBP.fios-router.home" name="Excel.AddEmployeeTest" tests="1" failures="0" timestamp="2020-01-24T23:40:54 EST" time="0.000" errors="0">
  <testcase name="AddEmployee" time="0.000" classname="Excel.AddEmployeeTest">
    <skipped/>
  </testcase> <!-- AddEmployee -->
</testsuite> <!-- Excel.AddEmployeeTest -->
