<?xml version="1.0" encoding="UTF-8"?>
<!-- Generated by org.testng.reporters.JUnitReportReporter -->
<testsuite skipped="0" hostname="MUSTAFAs-MBP.fios-router.home" name="test.test3" tests="2" failures="0" timestamp="2020-01-22T19:04:40 EST" time="0.003" errors="0">
  <testcase name="berke" time="0.002" classname="test.test3"/>
  <testcase name="car" time="0.001" classname="test.test3"/>
</testsuite> <!-- test.test3 -->
