<?xml version="1.0" encoding="UTF-8"?>
<!-- Generated by org.testng.reporters.JUnitReportReporter -->
<testsuite skipped="0" hostname="MUSTAFAs-MBP.fios-router.home" name="com.testcases.LoginPageTest" tests="1" failures="0" timestamp="2020-01-19T21:05:41 EST" time="10.998" errors="0">
  <testcase name="Login" time="10.998" classname="com.testcases.LoginPageTest"/>
</testsuite> <!-- com.testcases.LoginPageTest -->
