<?xml version="1.0" encoding="UTF-8"?>
<!-- Generated by org.testng.reporters.JUnitReportReporter -->
<testsuite skipped="0" hostname="MUSTAFAs-MBP.fios-router.home" name="com.practice.PropertyFileReading" tests="1" failures="0" timestamp="2020-01-20T12:43:14 EST" time="0.007" errors="0">
  <testcase name="read" time="0.007" classname="com.practice.PropertyFileReading"/>
</testsuite> <!-- com.practice.PropertyFileReading -->
