<?xml version="1.0" encoding="UTF-8"?>
<!-- Generated by org.testng.reporters.JUnitReportReporter -->
<testsuite skipped="0" hostname="MUSTAFAs-MBP.fios-router.home" name="test.test1" tests="1" failures="0" timestamp="2020-01-26T09:40:25 EST" time="0.014" errors="0">
  <testcase name="log" time="0.014" classname="test.test1"/>
</testsuite> <!-- test.test1 -->
